<?xml version="1.0" encoding="UTF-8"?>
<testng-results ignored="0" total="1" passed="1" failed="0" skipped="0">
  <reporter-output>
  </reporter-output>
  <suite started-at="2025-12-22T15:44:44 IST" name="Default suite" finished-at="2025-12-22T15:44:53 IST" duration-ms="8859">
    <groups>
    </groups>
    <test started-at="2025-12-22T15:44:44 IST" name="Default test" finished-at="2025-12-22T15:44:53 IST" duration-ms="8859">
      <class name="com.trywill.testrunner.OrangeHRM">
        <test-method is-config="true" signature="setup()[pri:0, instance:com.trywill.testrunner.OrangeHRM@74235045]" started-at="2025-12-22T15:44:44 IST" name="setup" finished-at="2025-12-22T15:44:50 IST" duration-ms="5922" status="PASS">
          <reporter-output>
          </reporter-output>
        </test-method> <!-- setup -->
        <test-method signature="runTheCode()[pri:0, instance:com.trywill.testrunner.OrangeHRM@74235045]" started-at="2025-12-22T15:44:50 IST" name="runTheCode" finished-at="2025-12-22T15:44:53 IST" duration-ms="2865" status="PASS">
          <reporter-output>
          </reporter-output>
        </test-method> <!-- runTheCode -->
      </class> <!-- com.trywill.testrunner.OrangeHRM -->
    </test> <!-- Default test -->
  </suite> <!-- Default suite -->
</testng-results>
